[2018-01-25 03:13:12] local.ERROR: Not enough arguments (missing: "name"). {"exception":"[object] (Symfony\\Component\\Console\\Exception\\RuntimeException(code: 0): Not enough arguments (missing: \"name\"). at D:\\Users\\Ali\\Documents\\Laravel\\CST256\\Project\\CLC\\vendor\\symfony\\console\\Input\\Input.php:76)
[stacktrace]
#0 D:\\Users\\Ali\\Documents\\Laravel\\CST256\\Project\\CLC\\vendor\\symfony\\console\\Command\\Command.php(247): Symfony\\Component\\Console\\Input\\Input->validate()
#1 D:\\Users\\Ali\\Documents\\Laravel\\CST256\\Project\\CLC\\vendor\\laravel\\framework\\src\\Illuminate\\Console\\Command.php(170): Symfony\\Component\\Console\\Command\\Command->run(Object(Symfony\\Component\\Console\\Input\\ArgvInput), Object(Illuminate\\Console\\OutputStyle))
#2 D:\\Users\\Ali\\Documents\\Laravel\\CST256\\Project\\CLC\\vendor\\symfony\\console\\Application.php(938): Illuminate\\Console\\Command->run(Object(Symfony\\Component\\Console\\Input\\ArgvInput), Object(Symfony\\Component\\Console\\Output\\ConsoleOutput))
#3 D:\\Users\\Ali\\Documents\\Laravel\\CST256\\Project\\CLC\\vendor\\symfony\\console\\Application.php(240): Symfony\\Component\\Console\\Application->doRunCommand(Object(Illuminate\\Database\\Console\\Factories\\FactoryMakeCommand), Object(Symfony\\Component\\Console\\Input\\ArgvInput), Object(Symfony\\Component\\Console\\Output\\ConsoleOutput))
#4 D:\\Users\\Ali\\Documents\\Laravel\\CST256\\Project\\CLC\\vendor\\symfony\\console\\Application.php(148): Symfony\\Component\\Console\\Application->doRun(Object(Symfony\\Component\\Console\\Input\\ArgvInput), Object(Symfony\\Component\\Console\\Output\\ConsoleOutput))
#5 D:\\Users\\Ali\\Documents\\Laravel\\CST256\\Project\\CLC\\vendor\\laravel\\framework\\src\\Illuminate\\Console\\Application.php(88): Symfony\\Component\\Console\\Application->run(Object(Symfony\\Component\\Console\\Input\\ArgvInput), Object(Symfony\\Component\\Console\\Output\\ConsoleOutput))
#6 D:\\Users\\Ali\\Documents\\Laravel\\CST256\\Project\\CLC\\vendor\\laravel\\framework\\src\\Illuminate\\Foundation\\Console\\Kernel.php(121): Illuminate\\Console\\Application->run(Object(Symfony\\Component\\Console\\Input\\ArgvInput), Object(Symfony\\Component\\Console\\Output\\ConsoleOutput))
#7 D:\\Users\\Ali\\Documents\\Laravel\\CST256\\Project\\CLC\\artisan(37): Illuminate\\Foundation\\Console\\Kernel->handle(Object(Symfony\\Component\\Console\\Input\\ArgvInput), Object(Symfony\\Component\\Console\\Output\\ConsoleOutput))
#8 {main}
"} 
[2018-01-25 03:24:35] local.ERROR: Command "make" is not defined.

Did you mean one of these?
    make:auth
    make:command
    make:controller
    make:event
    make:exception
    make:factory
    make:job
    make:listener
    make:mail
    make:middleware
    make:migration
    make:model
    make:notification
    make:policy
    make:provider
    make:request
    make:resource
    make:rule
    make:seeder
    make:test {"exception":"[object] (Symfony\\Component\\Console\\Exception\\CommandNotFoundException(code: 0): Command \"make\" is not defined.

Did you mean one of these?
    make:auth
    make:command
    make:controller
    make:event
    make:exception
    make:factory
    make:job
    make:listener
    make:mail
    make:middleware
    make:migration
    make:model
    make:notification
    make:policy
    make:provider
    make:request
    make:resource
    make:rule
    make:seeder
    make:test at D:\\Users\\Ali\\Documents\\Laravel\\CST256\\Project\\CLC\\vendor\\symfony\\console\\Application.php:610)
[stacktrace]
#0 D:\\Users\\Ali\\Documents\\Laravel\\CST256\\Project\\CLC\\vendor\\symfony\\console\\Application.php(221): Symfony\\Component\\Console\\Application->find('make')
#1 D:\\Users\\Ali\\Documents\\Laravel\\CST256\\Project\\CLC\\vendor\\symfony\\console\\Application.php(148): Symfony\\Component\\Console\\Application->doRun(Object(Symfony\\Component\\Console\\Input\\ArgvInput), Object(Symfony\\Component\\Console\\Output\\ConsoleOutput))
#2 D:\\Users\\Ali\\Documents\\Laravel\\CST256\\Project\\CLC\\vendor\\laravel\\framework\\src\\Illuminate\\Console\\Application.php(88): Symfony\\Component\\Console\\Application->run(Object(Symfony\\Component\\Console\\Input\\ArgvInput), Object(Symfony\\Component\\Console\\Output\\ConsoleOutput))
#3 D:\\Users\\Ali\\Documents\\Laravel\\CST256\\Project\\CLC\\vendor\\laravel\\framework\\src\\Illuminate\\Foundation\\Console\\Kernel.php(121): Illuminate\\Console\\Application->run(Object(Symfony\\Component\\Console\\Input\\ArgvInput), Object(Symfony\\Component\\Console\\Output\\ConsoleOutput))
#4 D:\\Users\\Ali\\Documents\\Laravel\\CST256\\Project\\CLC\\artisan(37): Illuminate\\Foundation\\Console\\Kernel->handle(Object(Symfony\\Component\\Console\\Input\\ArgvInput), Object(Symfony\\Component\\Console\\Output\\ConsoleOutput))
#5 {main}
"} 
[2018-01-25 03:27:22] local.ERROR: Not enough arguments (missing: "name"). {"exception":"[object] (Symfony\\Component\\Console\\Exception\\RuntimeException(code: 0): Not enough arguments (missing: \"name\"). at D:\\Users\\Ali\\Documents\\Laravel\\CST256\\Project\\CLC\\vendor\\symfony\\console\\Input\\Input.php:76)
[stacktrace]
#0 D:\\Users\\Ali\\Documents\\Laravel\\CST256\\Project\\CLC\\vendor\\symfony\\console\\Command\\Command.php(247): Symfony\\Component\\Console\\Input\\Input->validate()
#1 D:\\Users\\Ali\\Documents\\Laravel\\CST256\\Project\\CLC\\vendor\\laravel\\framework\\src\\Illuminate\\Console\\Command.php(170): Symfony\\Component\\Console\\Command\\Command->run(Object(Symfony\\Component\\Console\\Input\\ArgvInput), Object(Illuminate\\Console\\OutputStyle))
#2 D:\\Users\\Ali\\Documents\\Laravel\\CST256\\Project\\CLC\\vendor\\symfony\\console\\Application.php(938): Illuminate\\Console\\Command->run(Object(Symfony\\Component\\Console\\Input\\ArgvInput), Object(Symfony\\Component\\Console\\Output\\ConsoleOutput))
#3 D:\\Users\\Ali\\Documents\\Laravel\\CST256\\Project\\CLC\\vendor\\symfony\\console\\Application.php(240): Symfony\\Component\\Console\\Application->doRunCommand(Object(Illuminate\\Database\\Console\\Migrations\\MigrateMakeCommand), Object(Symfony\\Component\\Console\\Input\\ArgvInput), Object(Symfony\\Component\\Console\\Output\\ConsoleOutput))
#4 D:\\Users\\Ali\\Documents\\Laravel\\CST256\\Project\\CLC\\vendor\\symfony\\console\\Application.php(148): Symfony\\Component\\Console\\Application->doRun(Object(Symfony\\Component\\Console\\Input\\ArgvInput), Object(Symfony\\Component\\Console\\Output\\ConsoleOutput))
#5 D:\\Users\\Ali\\Documents\\Laravel\\CST256\\Project\\CLC\\vendor\\laravel\\framework\\src\\Illuminate\\Console\\Application.php(88): Symfony\\Component\\Console\\Application->run(Object(Symfony\\Component\\Console\\Input\\ArgvInput), Object(Symfony\\Component\\Console\\Output\\ConsoleOutput))
#6 D:\\Users\\Ali\\Documents\\Laravel\\CST256\\Project\\CLC\\vendor\\laravel\\framework\\src\\Illuminate\\Foundation\\Console\\Kernel.php(121): Illuminate\\Console\\Application->run(Object(Symfony\\Component\\Console\\Input\\ArgvInput), Object(Symfony\\Component\\Console\\Output\\ConsoleOutput))
#7 D:\\Users\\Ali\\Documents\\Laravel\\CST256\\Project\\CLC\\artisan(37): Illuminate\\Foundation\\Console\\Kernel->handle(Object(Symfony\\Component\\Console\\Input\\ArgvInput), Object(Symfony\\Component\\Console\\Output\\ConsoleOutput))
#8 {main}
"} 
[2018-01-25 03:59:00] local.ERROR: Command "make" is not defined.

Did you mean one of these?
    make:auth
    make:command
    make:controller
    make:event
    make:exception
    make:factory
    make:job
    make:listener
    make:mail
    make:middleware
    make:migration
    make:model
    make:notification
    make:policy
    make:provider
    make:request
    make:resource
    make:rule
    make:seeder
    make:test {"exception":"[object] (Symfony\\Component\\Console\\Exception\\CommandNotFoundException(code: 0): Command \"make\" is not defined.

Did you mean one of these?
    make:auth
    make:command
    make:controller
    make:event
    make:exception
    make:factory
    make:job
    make:listener
    make:mail
    make:middleware
    make:migration
    make:model
    make:notification
    make:policy
    make:provider
    make:request
    make:resource
    make:rule
    make:seeder
    make:test at D:\\Users\\Ali\\Documents\\Laravel\\CST256\\Project\\CLC\\vendor\\symfony\\console\\Application.php:610)
[stacktrace]
#0 D:\\Users\\Ali\\Documents\\Laravel\\CST256\\Project\\CLC\\vendor\\symfony\\console\\Application.php(221): Symfony\\Component\\Console\\Application->find('make')
#1 D:\\Users\\Ali\\Documents\\Laravel\\CST256\\Project\\CLC\\vendor\\symfony\\console\\Application.php(148): Symfony\\Component\\Console\\Application->doRun(Object(Symfony\\Component\\Console\\Input\\ArgvInput), Object(Symfony\\Component\\Console\\Output\\ConsoleOutput))
#2 D:\\Users\\Ali\\Documents\\Laravel\\CST256\\Project\\CLC\\vendor\\laravel\\framework\\src\\Illuminate\\Console\\Application.php(88): Symfony\\Component\\Console\\Application->run(Object(Symfony\\Component\\Console\\Input\\ArgvInput), Object(Symfony\\Component\\Console\\Output\\ConsoleOutput))
#3 D:\\Users\\Ali\\Documents\\Laravel\\CST256\\Project\\CLC\\vendor\\laravel\\framework\\src\\Illuminate\\Foundation\\Console\\Kernel.php(121): Illuminate\\Console\\Application->run(Object(Symfony\\Component\\Console\\Input\\ArgvInput), Object(Symfony\\Component\\Console\\Output\\ConsoleOutput))
#4 D:\\Users\\Ali\\Documents\\Laravel\\CST256\\Project\\CLC\\artisan(37): Illuminate\\Foundation\\Console\\Kernel->handle(Object(Symfony\\Component\\Console\\Input\\ArgvInput), Object(Symfony\\Component\\Console\\Output\\ConsoleOutput))
#5 {main}
"} 
